<?xml version="1.0" encoding="UTF-8"?>
<testsuite name="database.mapper.CustomerEntityMapperTest" tests="3" skipped="0" failures="0" errors="0" timestamp="2021-11-09T17:58:12" hostname="TABLT0289-AndreHitchman" time="2.371">
  <properties/>
  <testcase name="map() - given map of customers and map of pets then mapped list of CustomerEntity is returned" classname="database.mapper.CustomerEntityMapperTest" time="2.369"/>
  <testcase name="map() - given empty map of customers and empty map of pets then empty mapped list of CustomerEntity is returned" classname="database.mapper.CustomerEntityMapperTest" time="0.001"/>
  <testcase name="map() - given map of customers and empty map of pets then mapped list of CustomerEntity with no pets is returned" classname="database.mapper.CustomerEntityMapperTest" time="0.001"/>
  <system-out><![CDATA[]]></system-out>
  <system-err><![CDATA[]]></system-err>
</testsuite>
