<?xml version="1.0" encoding="UTF-8"?>
<testsuite name="view.VeterinaryPracticeConsoleViewTest" tests="10" skipped="0" failures="0" errors="0" timestamp="2021-11-09T17:58:12" hostname="TABLT0289-AndreHitchman" time="4.576">
  <properties/>
  <testcase name="startProgram() - verify presenter setupWithView() and start() functions are called" classname="view.VeterinaryPracticeConsoleViewTest" time="4.481"/>
  <testcase name="showPets() - given list of pet information then pet details are printed" classname="view.VeterinaryPracticeConsoleViewTest" time="0.075"/>
  <testcase name="showPets() - given pet information then the pet details are printed" classname="view.VeterinaryPracticeConsoleViewTest" time="0.001"/>
  <testcase name="showCustomers() - given list of customer information then customer details are printed" classname="view.VeterinaryPracticeConsoleViewTest" time="0.001"/>
  <testcase name="showInvalidErrorMessage() - called with line as reference then message printed that includes line number" classname="view.VeterinaryPracticeConsoleViewTest" time="0.001"/>
  <testcase name="showCustomersAndPets() - given customer and pet information then customer and pet details are printed" classname="view.VeterinaryPracticeConsoleViewTest" time="0.002"/>
  <testcase name="searchProgram() - verify presenter search function is called" classname="view.VeterinaryPracticeConsoleViewTest" time="0.01"/>
  <testcase name="showErrorOnLineWithMessage() - called with line number and error message passed as reference then message printed that includes line number and message" classname="view.VeterinaryPracticeConsoleViewTest" time="0.001"/>
  <testcase name="showCustomers() - given customer information then customer details are printed" classname="view.VeterinaryPracticeConsoleViewTest" time="0.001"/>
  <testcase name="showError - called with error message passed a reference then message is printed" classname="view.VeterinaryPracticeConsoleViewTest" time="0.0"/>
  <system-out><![CDATA[]]></system-out>
  <system-err><![CDATA[]]></system-err>
</testsuite>
