<?xml version="1.0" encoding="UTF-8"?>
<testsuite name="mapper.PetMapperTest" tests="3" skipped="0" failures="0" errors="0" timestamp="2021-11-09T17:58:12" hostname="TABLT0289-AndreHitchman" time="2.429">
  <properties/>
  <testcase name="map() - given list of pet contents with less than 5 fields then pet mapper result error is returned" classname="mapper.PetMapperTest" time="2.427"/>
  <testcase name="map() - given list of pet contents then mapped pet objected is returned" classname="mapper.PetMapperTest" time="0.002"/>
  <testcase name="map() - given list of pet contents with more than 5 fields then pet mapper result error is returned" classname="mapper.PetMapperTest" time="0.0"/>
  <system-out><![CDATA[]]></system-out>
  <system-err><![CDATA[]]></system-err>
</testsuite>
